<?xml version="1.0" encoding="UTF-8"?>
<testng-results ignored="0" total="1" passed="1" failed="0" skipped="0">
  <reporter-output>
  </reporter-output>
  <suite started-at="2019-05-16T20:09:33Z" name="Prototype test" finished-at="2019-05-16T20:10:03Z" duration-ms="30498">
    <groups>
    </groups>
    <test started-at="2019-05-16T20:09:33Z" name="TEST001" finished-at="2019-05-16T20:10:03Z" duration-ms="30498">
      <class name="Mobile.AppTest">
        <test-method signature="test()[pri:0, instance:Mobile.AppTest@c86b9e3]" started-at="2019-05-16T20:09:33Z" name="test" finished-at="2019-05-16T20:10:03Z" duration-ms="30463" status="PASS">
          <reporter-output>
          </reporter-output>
        </test-method> <!-- test -->
      </class> <!-- Mobile.AppTest -->
    </test> <!-- TEST001 -->
  </suite> <!-- Prototype test -->
</testng-results>
